<?xml version="1.0" encoding="UTF-8"?>
<!-- Generated by org.testng.reporters.JUnitReportReporter -->
<testsuite skipped="0" hostname="sys" name="com.tastcase.Get_singleemployeerecord" tests="9" failures="0" timestamp="30 May 2020 19:13:54 GMT" time="0.038" errors="0">
  <testcase name="checkContenttype" time="0.001" classname="com.tastcase.Get_singleemployeerecord"/>
  <testcase name="checkResponseBody" time="0.023" classname="com.tastcase.Get_singleemployeerecord"/>
  <testcase name="checkStatuscode" time="0.004" classname="com.tastcase.Get_singleemployeerecord"/>
  <testcase name="getallheaders" time="0.001" classname="com.tastcase.Get_singleemployeerecord"/>
  <testcase name="checkResponsetime" time="0.001" classname="com.tastcase.Get_singleemployeerecord"/>
  <testcase name="checkStatusline" time="0.001" classname="com.tastcase.Get_singleemployeerecord"/>
  <testcase name="checkContentEncoding" time="0.005" classname="com.tastcase.Get_singleemployeerecord"/>
  <testcase name="checkServertype" time="0.001" classname="com.tastcase.Get_singleemployeerecord"/>
  <testcase name="checkcookies" time="0.001" classname="com.tastcase.Get_singleemployeerecord"/>
</testsuite> <!-- com.tastcase.Get_singleemployeerecord -->
