<?xml version="1.0" encoding="UTF-8"?>
<!-- Generated by org.testng.reporters.JUnitReportReporter -->
<testsuite skipped="0" hostname="sys" name="com.tastcase.Delet_Employee_Record" tests="9" failures="0" timestamp="22 May 2020 20:26:07 GMT" time="0.054" errors="0">
  <testcase name="checkContentEncoding" time="0.005" classname="com.tastcase.Delet_Employee_Record"/>
  <testcase name="checkStatusline" time="0.004" classname="com.tastcase.Delet_Employee_Record"/>
  <testcase name="checkContenttype" time="0.001" classname="com.tastcase.Delet_Employee_Record"/>
  <testcase name="checkStatuscode" time="0.011" classname="com.tastcase.Delet_Employee_Record"/>
  <testcase name="checkcookies" time="0.005" classname="com.tastcase.Delet_Employee_Record"/>
  <testcase name="checkServertype" time="0.002" classname="com.tastcase.Delet_Employee_Record"/>
  <testcase name="checkResponseBody" time="0.017" classname="com.tastcase.Delet_Employee_Record"/>
  <testcase name="checkResponsetime" time="0.004" classname="com.tastcase.Delet_Employee_Record"/>
  <testcase name="getallheaders" time="0.005" classname="com.tastcase.Delet_Employee_Record"/>
</testsuite> <!-- com.tastcase.Delet_Employee_Record -->
