<?xml version="1.0" encoding="UTF-8"?>
<!-- Generated by org.testng.reporters.JUnitReportReporter -->
<testsuite skipped="0" hostname="sys" name="com.tastcase.Getallemployees" tests="9" failures="0" timestamp="21 May 2020 18:56:56 GMT" time="0.101" errors="0">
  <testcase name="getallheaders" time="0.022" classname="com.tastcase.Getallemployees"/>
  <testcase name="checkStatuscode" time="0.030" classname="com.tastcase.Getallemployees"/>
  <testcase name="checkServertype" time="0.003" classname="com.tastcase.Getallemployees"/>
  <testcase name="checkResponsetime" time="0.004" classname="com.tastcase.Getallemployees"/>
  <testcase name="checkStatusline" time="0.019" classname="com.tastcase.Getallemployees"/>
  <testcase name="checkContentEncoding" time="0.011" classname="com.tastcase.Getallemployees"/>
  <testcase name="checkcookies" time="0.003" classname="com.tastcase.Getallemployees"/>
  <testcase name="checkContenttype" time="0.003" classname="com.tastcase.Getallemployees"/>
  <testcase name="checkResponseBody" time="0.006" classname="com.tastcase.Getallemployees"/>
</testsuite> <!-- com.tastcase.Getallemployees -->
