<?xml version="1.0" encoding="UTF-8"?>
<!-- Generated by org.testng.reporters.JUnitReportReporter -->
<testsuite skipped="0" hostname="sys" name="com.tastcase.Post_Employee_Record" tests="9" failures="1" timestamp="21 May 2020 18:56:56 GMT" time="0.022" errors="0">
  <testcase name="checkStatusline" time="0.001" classname="com.tastcase.Post_Employee_Record"/>
  <testcase name="checkResponsetime" time="0.001" classname="com.tastcase.Post_Employee_Record"/>
  <testcase name="checkContentEncoding" time="0.001" classname="com.tastcase.Post_Employee_Record"/>
  <testcase name="checkServertype" time="0.001" classname="com.tastcase.Post_Employee_Record"/>
  <testcase name="checkcookies" time="0.001" classname="com.tastcase.Post_Employee_Record"/>
  <testcase name="checkContenttype" time="0.001" classname="com.tastcase.Post_Employee_Record"/>
  <testcase name="checkStatuscode" time="0.008" classname="com.tastcase.Post_Employee_Record">
    <failure type="java.lang.AssertionError" message="expected [200] but found [404]">
      <![CDATA[java.lang.AssertionError: expected [200] but found [404]
at org.testng.Assert.fail(Assert.java:96)
at org.testng.Assert.failNotEquals(Assert.java:776)
at org.testng.Assert.assertEqualsImpl(Assert.java:137)
at org.testng.Assert.assertEquals(Assert.java:118)
at org.testng.Assert.assertEquals(Assert.java:652)
at org.testng.Assert.assertEquals(Assert.java:662)
at com.tastcase.Post_Employee_Record.checkStatuscode(Post_Employee_Record.java:63)
at sun.reflect.NativeMethodAccessorImpl.invoke0(Native Method)
at sun.reflect.NativeMethodAccessorImpl.invoke(Unknown Source)
at sun.reflect.DelegatingMethodAccessorImpl.invoke(Unknown Source)
at java.lang.reflect.Method.invoke(Unknown Source)
at org.testng.internal.MethodInvocationHelper.invokeMethod(MethodInvocationHelper.java:124)
at org.testng.internal.Invoker.invokeMethod(Invoker.java:583)
at org.testng.internal.Invoker.invokeTestMethod(Invoker.java:719)
at org.testng.internal.Invoker.invokeTestMethods(Invoker.java:989)
at org.testng.internal.TestMethodWorker.invokeTestMethods(TestMethodWorker.java:125)
at org.testng.internal.TestMethodWorker.run(TestMethodWorker.java:109)
at java.util.concurrent.ThreadPoolExecutor.runWorker(Unknown Source)
at java.util.concurrent.ThreadPoolExecutor$Worker.run(Unknown Source)
at java.lang.Thread.run(Unknown Source)
]]>
    </failure>
  </testcase> <!-- checkStatuscode -->
  <testcase name="checkResponseBody" time="0.006" classname="com.tastcase.Post_Employee_Record"/>
  <testcase name="getallheaders" time="0.002" classname="com.tastcase.Post_Employee_Record"/>
</testsuite> <!-- com.tastcase.Post_Employee_Record -->
